-------------------------------------------------------------------------------
Test set: net.devstudy.jmemchashed.server.impl.DefaultServerConfigGetThreadCountTest
-------------------------------------------------------------------------------
Tests run: 2, Failures: 2, Errors: 0, Skipped: 0, Time elapsed: 0.001 sec <<< FAILURE!
getMaxThreadCount(net.devstudy.jmemchashed.server.impl.DefaultServerConfigGetThreadCountTest)  Time elapsed: 0.001 sec  <<< FAILURE!
org.junit.experimental.theories.internal.ParameterizedAssertionError: getMaxThreadCount("[Ljava.lang.String;@1224e1b6" <from testCases[0]>)
	at org.junit.experimental.theories.Theories$TheoryAnchor.reportParameterizedError(Theories.java:288)
	at org.junit.experimental.theories.Theories$TheoryAnchor$1$1.evaluate(Theories.java:237)
	at org.junit.experimental.theories.Theories$TheoryAnchor.runWithCompleteAssignment(Theories.java:218)
	at org.junit.experimental.theories.Theories$TheoryAnchor.runWithAssignment(Theories.java:204)
	at org.junit.experimental.theories.Theories$TheoryAnchor.runWithIncompleteAssignment(Theories.java:212)
	at org.junit.experimental.theories.Theories$TheoryAnchor.runWithAssignment(Theories.java:202)
	at org.junit.experimental.theories.Theories$TheoryAnchor.evaluate(Theories.java:187)
	at org.junit.runners.ParentRunner.runLeaf(ParentRunner.java:325)
	at org.junit.runners.BlockJUnit4ClassRunner.runChild(BlockJUnit4ClassRunner.java:78)
	at org.junit.runners.BlockJUnit4ClassRunner.runChild(BlockJUnit4ClassRunner.java:57)
	at org.junit.runners.ParentRunner$3.run(ParentRunner.java:290)
	at org.junit.runners.ParentRunner$1.schedule(ParentRunner.java:71)
	at org.junit.runners.ParentRunner.runChildren(ParentRunner.java:288)
	at org.junit.runners.ParentRunner.access$000(ParentRunner.java:58)
	at org.junit.runners.ParentRunner$2.evaluate(ParentRunner.java:268)
	at org.junit.runners.ParentRunner.run(ParentRunner.java:363)
	at org.apache.maven.surefire.junit4.JUnit4Provider.execute(JUnit4Provider.java:252)
	at org.apache.maven.surefire.junit4.JUnit4Provider.executeTestSet(JUnit4Provider.java:141)
	at org.apache.maven.surefire.junit4.JUnit4Provider.invoke(JUnit4Provider.java:112)
	at java.base/jdk.internal.reflect.NativeMethodAccessorImpl.invoke0(Native Method)
	at java.base/jdk.internal.reflect.NativeMethodAccessorImpl.invoke(NativeMethodAccessorImpl.java:62)
	at java.base/jdk.internal.reflect.DelegatingMethodAccessorImpl.invoke(DelegatingMethodAccessorImpl.java:43)
	at java.base/java.lang.reflect.Method.invoke(Method.java:566)
	at org.apache.maven.surefire.util.ReflectionUtils.invokeMethodWithArray(ReflectionUtils.java:189)
	at org.apache.maven.surefire.booter.ProviderFactory$ProviderProxy.invoke(ProviderFactory.java:165)
	at org.apache.maven.surefire.booter.ProviderFactory.invokeProvider(ProviderFactory.java:85)
	at org.apache.maven.surefire.booter.ForkedBooter.runSuitesInProcess(ForkedBooter.java:115)
	at org.apache.maven.surefire.booter.ForkedBooter.main(ForkedBooter.java:75)
Caused by: java.lang.AssertionError: 
Expected: (an instance of net.devstudy.jmemcashed.exception.JMemcashedException and exception with message is "jmemcached.server.max.thread.count should be >= 1")
     but: exception with message is "jmemcached.server.max.thread.count should be >= 1" message was "Classpath resource not found: server.properties"
Stacktrace was: net.devstudy.jmemcashed.exception.JMemcashedException: Classpath resource not found: server.properties
	at net.devstudy.jmemchashed.server.impl.DefaultServerConfig.loadApplicationProperties(DefaultServerConfig.java:61)
	at net.devstudy.jmemchashed.server.impl.DefaultServerConfig.<init>(DefaultServerConfig.java:28)
	at net.devstudy.jmemchashed.server.impl.AbstractDefaultServerConfigTest$1.<init>(AbstractDefaultServerConfigTest.java:15)
	at net.devstudy.jmemchashed.server.impl.AbstractDefaultServerConfigTest.createDefaultServerConfigMock(AbstractDefaultServerConfigTest.java:15)
	at net.devstudy.jmemchashed.server.impl.DefaultServerConfigGetThreadCountTest.setUpDefaultServerConfig(DefaultServerConfigGetThreadCountTest.java:36)
	at net.devstudy.jmemchashed.server.impl.DefaultServerConfigGetThreadCountTest.getMaxThreadCount(DefaultServerConfigGetThreadCountTest.java:47)
	at java.base/jdk.internal.reflect.NativeMethodAccessorImpl.invoke0(Native Method)
	at java.base/jdk.internal.reflect.NativeMethodAccessorImpl.invoke(NativeMethodAccessorImpl.java:62)
	at java.base/jdk.internal.reflect.DelegatingMethodAccessorImpl.invoke(DelegatingMethodAccessorImpl.java:43)
	at java.base/java.lang.reflect.Method.invoke(Method.java:566)
	at org.junit.runners.model.FrameworkMethod$1.runReflectiveCall(FrameworkMethod.java:50)
	at org.junit.internal.runners.model.ReflectiveCallable.run(ReflectiveCallable.java:12)
	at org.junit.runners.model.FrameworkMethod.invokeExplosively(FrameworkMethod.java:47)
	at org.junit.experimental.theories.Theories$TheoryAnchor$2.evaluate(Theories.java:274)
	at org.junit.rules.ExpectedException$ExpectedExceptionStatement.evaluate(ExpectedException.java:239)
	at org.junit.rules.RunRules.evaluate(RunRules.java:20)
	at org.junit.experimental.theories.Theories$TheoryAnchor$1$1.evaluate(Theories.java:232)
	at org.junit.experimental.theories.Theories$TheoryAnchor.runWithCompleteAssignment(Theories.java:218)
	at org.junit.experimental.theories.Theories$TheoryAnchor.runWithAssignment(Theories.java:204)
	at org.junit.experimental.theories.Theories$TheoryAnchor.runWithIncompleteAssignment(Theories.java:212)
	at org.junit.experimental.theories.Theories$TheoryAnchor.runWithAssignment(Theories.java:202)
	at org.junit.experimental.theories.Theories$TheoryAnchor.evaluate(Theories.java:187)
	at org.junit.runners.ParentRunner.runLeaf(ParentRunner.java:325)
	at org.junit.runners.BlockJUnit4ClassRunner.runChild(BlockJUnit4ClassRunner.java:78)
	at org.junit.runners.BlockJUnit4ClassRunner.runChild(BlockJUnit4ClassRunner.java:57)
	at org.junit.runners.ParentRunner$3.run(ParentRunner.java:290)
	at org.junit.runners.ParentRunner$1.schedule(ParentRunner.java:71)
	at org.junit.runners.ParentRunner.runChildren(ParentRunner.java:288)
	at org.junit.runners.ParentRunner.access$000(ParentRunner.java:58)
	at org.junit.runners.ParentRunner$2.evaluate(ParentRunner.java:268)
	at org.junit.runners.ParentRunner.run(ParentRunner.java:363)
	at org.apache.maven.surefire.junit4.JUnit4Provider.execute(JUnit4Provider.java:252)
	at org.apache.maven.surefire.junit4.JUnit4Provider.executeTestSet(JUnit4Provider.java:141)
	at org.apache.maven.surefire.junit4.JUnit4Provider.invoke(JUnit4Provider.java:112)
	at java.base/jdk.internal.reflect.NativeMethodAccessorImpl.invoke0(Native Method)
	at java.base/jdk.internal.reflect.NativeMethodAccessorImpl.invoke(NativeMethodAccessorImpl.java:62)
	at java.base/jdk.internal.reflect.DelegatingMethodAccessorImpl.invoke(DelegatingMethodAccessorImpl.java:43)
	at java.base/java.lang.reflect.Method.invoke(Method.java:566)
	at org.apache.maven.surefire.util.ReflectionUtils.invokeMethodWithArray(ReflectionUtils.java:189)
	at org.apache.maven.surefire.booter.ProviderFactory$ProviderProxy.invoke(ProviderFactory.java:165)
	at org.apache.maven.surefire.booter.ProviderFactory.invokeProvider(ProviderFactory.java:85)
	at org.apache.maven.surefire.booter.ForkedBooter.runSuitesInProcess(ForkedBooter.java:115)
	at org.apache.maven.surefire.booter.ForkedBooter.main(ForkedBooter.java:75)

	at org.hamcrest.MatcherAssert.assertThat(MatcherAssert.java:20)
	at org.junit.Assert.assertThat(Assert.java:956)
	at org.junit.Assert.assertThat(Assert.java:923)
	at org.junit.rules.ExpectedException.handleException(ExpectedException.java:252)
	at org.junit.rules.ExpectedException.access$000(ExpectedException.java:106)
	at org.junit.rules.ExpectedException$ExpectedExceptionStatement.evaluate(ExpectedException.java:241)
	at org.junit.rules.RunRules.evaluate(RunRules.java:20)
	at org.junit.experimental.theories.Theories$TheoryAnchor$1$1.evaluate(Theories.java:232)
	... 26 more

getInitThreadCount(net.devstudy.jmemchashed.server.impl.DefaultServerConfigGetThreadCountTest)  Time elapsed: 0 sec  <<< FAILURE!
org.junit.experimental.theories.internal.ParameterizedAssertionError: getInitThreadCount("[Ljava.lang.String;@1224e1b6" <from testCases[0]>)
	at org.junit.experimental.theories.Theories$TheoryAnchor.reportParameterizedError(Theories.java:288)
	at org.junit.experimental.theories.Theories$TheoryAnchor$1$1.evaluate(Theories.java:237)
	at org.junit.experimental.theories.Theories$TheoryAnchor.runWithCompleteAssignment(Theories.java:218)
	at org.junit.experimental.theories.Theories$TheoryAnchor.runWithAssignment(Theories.java:204)
	at org.junit.experimental.theories.Theories$TheoryAnchor.runWithIncompleteAssignment(Theories.java:212)
	at org.junit.experimental.theories.Theories$TheoryAnchor.runWithAssignment(Theories.java:202)
	at org.junit.experimental.theories.Theories$TheoryAnchor.evaluate(Theories.java:187)
	at org.junit.runners.ParentRunner.runLeaf(ParentRunner.java:325)
	at org.junit.runners.BlockJUnit4ClassRunner.runChild(BlockJUnit4ClassRunner.java:78)
	at org.junit.runners.BlockJUnit4ClassRunner.runChild(BlockJUnit4ClassRunner.java:57)
	at org.junit.runners.ParentRunner$3.run(ParentRunner.java:290)
	at org.junit.runners.ParentRunner$1.schedule(ParentRunner.java:71)
	at org.junit.runners.ParentRunner.runChildren(ParentRunner.java:288)
	at org.junit.runners.ParentRunner.access$000(ParentRunner.java:58)
	at org.junit.runners.ParentRunner$2.evaluate(ParentRunner.java:268)
	at org.junit.runners.ParentRunner.run(ParentRunner.java:363)
	at org.apache.maven.surefire.junit4.JUnit4Provider.execute(JUnit4Provider.java:252)
	at org.apache.maven.surefire.junit4.JUnit4Provider.executeTestSet(JUnit4Provider.java:141)
	at org.apache.maven.surefire.junit4.JUnit4Provider.invoke(JUnit4Provider.java:112)
	at java.base/jdk.internal.reflect.NativeMethodAccessorImpl.invoke0(Native Method)
	at java.base/jdk.internal.reflect.NativeMethodAccessorImpl.invoke(NativeMethodAccessorImpl.java:62)
	at java.base/jdk.internal.reflect.DelegatingMethodAccessorImpl.invoke(DelegatingMethodAccessorImpl.java:43)
	at java.base/java.lang.reflect.Method.invoke(Method.java:566)
	at org.apache.maven.surefire.util.ReflectionUtils.invokeMethodWithArray(ReflectionUtils.java:189)
	at org.apache.maven.surefire.booter.ProviderFactory$ProviderProxy.invoke(ProviderFactory.java:165)
	at org.apache.maven.surefire.booter.ProviderFactory.invokeProvider(ProviderFactory.java:85)
	at org.apache.maven.surefire.booter.ForkedBooter.runSuitesInProcess(ForkedBooter.java:115)
	at org.apache.maven.surefire.booter.ForkedBooter.main(ForkedBooter.java:75)
Caused by: java.lang.AssertionError: 
Expected: (an instance of net.devstudy.jmemcashed.exception.JMemcashedException and exception with message is "jmemcached.server.init.thread.count should be >= 1")
     but: exception with message is "jmemcached.server.init.thread.count should be >= 1" message was "Classpath resource not found: server.properties"
Stacktrace was: net.devstudy.jmemcashed.exception.JMemcashedException: Classpath resource not found: server.properties
	at net.devstudy.jmemchashed.server.impl.DefaultServerConfig.loadApplicationProperties(DefaultServerConfig.java:61)
	at net.devstudy.jmemchashed.server.impl.DefaultServerConfig.<init>(DefaultServerConfig.java:28)
	at net.devstudy.jmemchashed.server.impl.AbstractDefaultServerConfigTest$1.<init>(AbstractDefaultServerConfigTest.java:15)
	at net.devstudy.jmemchashed.server.impl.AbstractDefaultServerConfigTest.createDefaultServerConfigMock(AbstractDefaultServerConfigTest.java:15)
	at net.devstudy.jmemchashed.server.impl.DefaultServerConfigGetThreadCountTest.setUpDefaultServerConfig(DefaultServerConfigGetThreadCountTest.java:36)
	at net.devstudy.jmemchashed.server.impl.DefaultServerConfigGetThreadCountTest.getInitThreadCount(DefaultServerConfigGetThreadCountTest.java:41)
	at java.base/jdk.internal.reflect.NativeMethodAccessorImpl.invoke0(Native Method)
	at java.base/jdk.internal.reflect.NativeMethodAccessorImpl.invoke(NativeMethodAccessorImpl.java:62)
	at java.base/jdk.internal.reflect.DelegatingMethodAccessorImpl.invoke(DelegatingMethodAccessorImpl.java:43)
	at java.base/java.lang.reflect.Method.invoke(Method.java:566)
	at org.junit.runners.model.FrameworkMethod$1.runReflectiveCall(FrameworkMethod.java:50)
	at org.junit.internal.runners.model.ReflectiveCallable.run(ReflectiveCallable.java:12)
	at org.junit.runners.model.FrameworkMethod.invokeExplosively(FrameworkMethod.java:47)
	at org.junit.experimental.theories.Theories$TheoryAnchor$2.evaluate(Theories.java:274)
	at org.junit.rules.ExpectedException$ExpectedExceptionStatement.evaluate(ExpectedException.java:239)
	at org.junit.rules.RunRules.evaluate(RunRules.java:20)
	at org.junit.experimental.theories.Theories$TheoryAnchor$1$1.evaluate(Theories.java:232)
	at org.junit.experimental.theories.Theories$TheoryAnchor.runWithCompleteAssignment(Theories.java:218)
	at org.junit.experimental.theories.Theories$TheoryAnchor.runWithAssignment(Theories.java:204)
	at org.junit.experimental.theories.Theories$TheoryAnchor.runWithIncompleteAssignment(Theories.java:212)
	at org.junit.experimental.theories.Theories$TheoryAnchor.runWithAssignment(Theories.java:202)
	at org.junit.experimental.theories.Theories$TheoryAnchor.evaluate(Theories.java:187)
	at org.junit.runners.ParentRunner.runLeaf(ParentRunner.java:325)
	at org.junit.runners.BlockJUnit4ClassRunner.runChild(BlockJUnit4ClassRunner.java:78)
	at org.junit.runners.BlockJUnit4ClassRunner.runChild(BlockJUnit4ClassRunner.java:57)
	at org.junit.runners.ParentRunner$3.run(ParentRunner.java:290)
	at org.junit.runners.ParentRunner$1.schedule(ParentRunner.java:71)
	at org.junit.runners.ParentRunner.runChildren(ParentRunner.java:288)
	at org.junit.runners.ParentRunner.access$000(ParentRunner.java:58)
	at org.junit.runners.ParentRunner$2.evaluate(ParentRunner.java:268)
	at org.junit.runners.ParentRunner.run(ParentRunner.java:363)
	at org.apache.maven.surefire.junit4.JUnit4Provider.execute(JUnit4Provider.java:252)
	at org.apache.maven.surefire.junit4.JUnit4Provider.executeTestSet(JUnit4Provider.java:141)
	at org.apache.maven.surefire.junit4.JUnit4Provider.invoke(JUnit4Provider.java:112)
	at java.base/jdk.internal.reflect.NativeMethodAccessorImpl.invoke0(Native Method)
	at java.base/jdk.internal.reflect.NativeMethodAccessorImpl.invoke(NativeMethodAccessorImpl.java:62)
	at java.base/jdk.internal.reflect.DelegatingMethodAccessorImpl.invoke(DelegatingMethodAccessorImpl.java:43)
	at java.base/java.lang.reflect.Method.invoke(Method.java:566)
	at org.apache.maven.surefire.util.ReflectionUtils.invokeMethodWithArray(ReflectionUtils.java:189)
	at org.apache.maven.surefire.booter.ProviderFactory$ProviderProxy.invoke(ProviderFactory.java:165)
	at org.apache.maven.surefire.booter.ProviderFactory.invokeProvider(ProviderFactory.java:85)
	at org.apache.maven.surefire.booter.ForkedBooter.runSuitesInProcess(ForkedBooter.java:115)
	at org.apache.maven.surefire.booter.ForkedBooter.main(ForkedBooter.java:75)

	at org.hamcrest.MatcherAssert.assertThat(MatcherAssert.java:20)
	at org.junit.Assert.assertThat(Assert.java:956)
	at org.junit.Assert.assertThat(Assert.java:923)
	at org.junit.rules.ExpectedException.handleException(ExpectedException.java:252)
	at org.junit.rules.ExpectedException.access$000(ExpectedException.java:106)
	at org.junit.rules.ExpectedException$ExpectedExceptionStatement.evaluate(ExpectedException.java:241)
	at org.junit.rules.RunRules.evaluate(RunRules.java:20)
	at org.junit.experimental.theories.Theories$TheoryAnchor$1$1.evaluate(Theories.java:232)
	... 26 more

