<?xml version="1.0" encoding="UTF-8" ?>
<testsuite tests="4" failures="0" name="net.devstudy.jmemcashed.protocol.model.VersionTest" time="0" errors="0" skipped="0">
  <properties>
[...]
</properties>
  <testcase classname="net.devstudy.jmemcashed.protocol.model.VersionTest" name="verifyToString" time="0"/>
  <testcase classname="net.devstudy.jmemcashed.protocol.model.VersionTest" name="getByteCode" time="0"/>
  <testcase classname="net.devstudy.jmemcashed.protocol.model.VersionTest" name="valueOfSuccess" time="0"/>
  <testcase classname="net.devstudy.jmemcashed.protocol.model.VersionTest" name="valueOfFailed" time="0"/>
</testsuite>